#
# There is insufficient memory for the Java Runtime Environment to continue.
# Native memory allocation (malloc) failed to allocate 1006256 bytes for Chunk::new
# Possible reasons:
#   The system is out of physical RAM or swap space
#   In 32 bit mode, the process size limit was hit
# Possible solutions:
#   Reduce memory load on the system
#   Increase physical memory or swap space
#   Check if swap backing store is full
#   Use 64 bit Java on a 64 bit OS
#   Decrease Java heap size (-Xmx/-Xms)
#   Decrease number of Java threads
#   Decrease Java thread stack sizes (-Xss)
#   Set larger code cache with -XX:ReservedCodeCacheSize=
# This output file may be truncated or incomplete.
#
#  Out of Memory Error (allocation.cpp:390), pid=10504, tid=0x0000000000002958
#
# JRE version: OpenJDK Runtime Environment (8.0_152-b06) (build 1.8.0_152-release-1136-b06)
# Java VM: OpenJDK 64-Bit Server VM (25.152-b06 mixed mode windows-amd64 compressed oops)
# Failed to write core dump. Minidumps are not enabled by default on client versions of Windows
#

---------------  T H R E A D  ---------------

Current thread (0x0000000017562800):  JavaThread "C2 CompilerThread1" daemon [_thread_in_native, id=10584, stack(0x0000000017e50000,0x0000000017f50000)]

Stack: [0x0000000017e50000,0x0000000017f50000]
[error occurred during error reporting (printing stack bounds), id 0xc0000005]

Native frames: (J=compiled Java code, j=interpreted, Vv=VM code, C=native code)


Current CompileTask:
C2:  87275 7474       4       org.objectweb.asm.ClassReader::readMethod (1126 bytes)


---------------  P R O C E S S  ---------------

Java Threads: ( => current thread )
  0x000000001cf25800 JavaThread "stdout" [_thread_in_native, id=2720, stack(0x0000000023f30000,0x0000000024030000)]
  0x000000001cf27800 JavaThread "stderr" [_thread_in_native, id=9692, stack(0x0000000023e30000,0x0000000023f30000)]
  0x000000001c705000 JavaThread "pool-6-thread-1" [_thread_blocked, id=11260, stack(0x0000000023d30000,0x0000000023e30000)]
  0x000000001c70c800 JavaThread "Task worker for ':' Thread 7" [_thread_blocked, id=4272, stack(0x0000000023a30000,0x0000000023b30000)]
  0x000000001c70e000 JavaThread "Task worker for ':' Thread 6" [_thread_blocked, id=232, stack(0x0000000023930000,0x0000000023a30000)]
  0x000000001c70d800 JavaThread "Task worker for ':' Thread 5" [_thread_blocked, id=10548, stack(0x0000000023830000,0x0000000023930000)]
  0x000000001c70c000 JavaThread "Task worker for ':' Thread 4" [_thread_blocked, id=11200, stack(0x0000000023730000,0x0000000023830000)]
  0x000000001c70b000 JavaThread "Task worker for ':' Thread 3" [_thread_in_native, id=5216, stack(0x0000000023630000,0x0000000023730000)]
  0x000000001c703800 JavaThread "Task worker for ':' Thread 2" [_thread_blocked, id=8652, stack(0x0000000023530000,0x0000000023630000)]
  0x000000001c70a800 JavaThread "Task worker for ':'" [_thread_blocked, id=2040, stack(0x0000000023430000,0x0000000023530000)]
  0x000000001c709800 JavaThread "Cache worker for Build Output Cleanup Cache (C:\Users\harme\Desktop\MedSense-MetaWear\.gradle\buildOutputCleanup)" [_thread_blocked, id=8380, stack(0x0000000023330000,0x0000000023430000)]
  0x000000001c708000 JavaThread "Cache worker for task history cache (C:\Users\harme\Desktop\MedSense-MetaWear\.gradle\4.6\taskHistory)" [_thread_blocked, id=10580, stack(0x0000000023230000,0x0000000023330000)]
  0x000000001c707800 JavaThread "Cache worker for file content cache (C:\Users\harme\Desktop\MedSense-MetaWear\.gradle\4.6\fileContent)" [_thread_blocked, id=10436, stack(0x0000000023130000,0x0000000023230000)]
  0x000000001c702800 JavaThread "Memory manager" [_thread_blocked, id=2740, stack(0x0000000022160000,0x0000000022260000)]
  0x000000001c700800 JavaThread "Build operations Thread 8" [_thread_blocked, id=10984, stack(0x0000000021860000,0x0000000021960000)]
  0x000000001c6ff800 JavaThread "Build operations Thread 7" [_thread_blocked, id=10692, stack(0x0000000021760000,0x0000000021860000)]
  0x0000000018c68000 JavaThread "Build operations Thread 6" [_thread_blocked, id=4152, stack(0x0000000021660000,0x0000000021760000)]
  0x0000000018c66800 JavaThread "Build operations Thread 5" [_thread_blocked, id=4252, stack(0x0000000021560000,0x0000000021660000)]
  0x0000000018c69000 JavaThread "Build operations Thread 4" [_thread_blocked, id=9228, stack(0x0000000021460000,0x0000000021560000)]
  0x0000000018c6a800 JavaThread "Build operations Thread 3" [_thread_blocked, id=9340, stack(0x0000000021360000,0x0000000021460000)]
  0x0000000018c6d800 JavaThread "Build operations Thread 2" [_thread_blocked, id=9108, stack(0x00000000201f0000,0x00000000202f0000)]
  0x0000000018c69800 JavaThread "Build operations" [_thread_blocked, id=8088, stack(0x00000000200f0000,0x00000000201f0000)]
  0x0000000018c6c800 JavaThread "Cache worker for Artifact transforms cache (C:\Users\harme\.gradle\caches\transforms-1)" [_thread_blocked, id=10976, stack(0x000000001d370000,0x000000001d470000)]
  0x0000000019669000 JavaThread "Cache worker for file hash cache (C:\Users\harme\Desktop\MedSense-MetaWear\.gradle\4.6\fileHashes)" [_thread_blocked, id=9684, stack(0x000000001c0a0000,0x000000001c1a0000)]
  0x000000001870f000 JavaThread "File lock request listener" [_thread_in_native, id=1688, stack(0x000000001bfa0000,0x000000001c0a0000)]
  0x00000000186ac800 JavaThread "Cache worker for file hash cache (C:\Users\harme\.gradle\caches\4.6\fileHashes)" [_thread_blocked, id=6640, stack(0x000000001aed0000,0x000000001afd0000)]
  0x0000000018995800 JavaThread "Asynchronous log dispatcher for DefaultDaemonConnection: socket connection from /127.0.0.1:65461 to /127.0.0.1:65463" [_thread_blocked, id=11156, stack(0x000000001a9d0000,0x000000001aad0000)]
  0x00000000177db800 JavaThread "Daemon worker" [_thread_blocked, id=10640, stack(0x000000001a8d0000,0x000000001a9d0000)]
  0x00000000177d9000 JavaThread "Cancel handler" [_thread_blocked, id=10804, stack(0x000000001a7d0000,0x000000001a8d0000)]
  0x0000000018612800 JavaThread "Handler for socket connection from /127.0.0.1:65461 to /127.0.0.1:65463" [_thread_in_native, id=7640, stack(0x000000001a4d0000,0x000000001a5d0000)]
  0x0000000018611800 JavaThread "Daemon" [_thread_blocked, id=6592, stack(0x000000001a3d0000,0x000000001a4d0000)]
  0x0000000018876800 JavaThread "Daemon periodic checks" [_thread_blocked, id=11128, stack(0x000000001a2d0000,0x000000001a3d0000)]
  0x00000000189a9800 JavaThread "Incoming local TCP Connector on port 65461" [_thread_in_native, id=10252, stack(0x000000001a060000,0x000000001a160000)]
  0x00000000175f4000 JavaThread "Service Thread" daemon [_thread_blocked, id=5324, stack(0x0000000018150000,0x0000000018250000)]
  0x0000000017568000 JavaThread "C1 CompilerThread3" daemon [_thread_blocked, id=3684, stack(0x0000000018050000,0x0000000018150000)]
  0x0000000017564800 JavaThread "C2 CompilerThread2" daemon [_thread_in_native, id=7788, stack(0x0000000017f50000,0x0000000018050000)]
=>0x0000000017562800 JavaThread "C2 CompilerThread1" daemon [_thread_in_native, id=10584, stack(0x0000000017e50000,0x0000000017f50000)]
  0x000000001755b000 JavaThread "C2 CompilerThread0" daemon [_thread_in_native, id=1088, stack(0x0000000017d50000,0x0000000017e50000)]
  0x0000000017559800 JavaThread "Attach Listener" daemon [_thread_blocked, id=7616, stack(0x0000000017c50000,0x0000000017d50000)]
  0x0000000017559000 JavaThread "Signal Dispatcher" daemon [_thread_blocked, id=8848, stack(0x0000000017b50000,0x0000000017c50000)]
  0x0000000002b39000 JavaThread "Finalizer" daemon [_thread_blocked, id=2756, stack(0x0000000017930000,0x0000000017a30000)]
  0x0000000002b38000 JavaThread "Reference Handler" daemon [_thread_blocked, id=4300, stack(0x0000000017430000,0x0000000017530000)]
  0x0000000002a3e000 JavaThread "main" [_thread_blocked, id=8252, stack(0x0000000002850000,0x0000000002950000)]

Other Threads:
  0x0000000015657800 VMThread [stack: 0x0000000017330000,0x0000000017430000] [id=9200]
  0x00000000175f5000 WatcherThread [stack: 0x0000000018250000,0x0000000018350000] [id=7044]

VM state:not at safepoint (normal execution)

VM Mutex/Monitor currently owned by a thread: None

Heap:
 PSYoungGen      total 94208K, used 62872K [0x00000000eab00000, 0x00000000f2400000, 0x0000000100000000)
  eden space 80896K, 72% used [0x00000000eab00000,0x00000000ee42a610,0x00000000efa00000)
  from space 13312K, 32% used [0x00000000f1700000,0x00000000f1b3ba10,0x00000000f2400000)
  to   space 21504K, 0% used [0x00000000efa00000,0x00000000efa00000,0x00000000f0f00000)
 ParOldGen       total 169472K, used 38024K [0x00000000c0000000, 0x00000000ca580000, 0x00000000eab00000)
  object space 169472K, 22% used [0x00000000c0000000,0x00000000c25220c0,0x00000000ca580000)
 Metaspace       used 60129K, capacity 62150K, committed 62424K, reserved 1103872K
  class space    used 8080K, capacity 8616K, committed 8704K, reserved 1048576K

Card table byte_map: [0x0000000011f00000,0x0000000012110000] byte_map_base: 0x0000000011900000

Marking Bits: (ParMarkBitMap*) 0x0000000055e45aa0
 Begin Bits: [0x0000000012a70000, 0x0000000013a70000)
 End Bits:   [0x0000000013a70000, 0x0000000014a70000)

Polling page: 0x0000000000b20000

CodeCache: size=245760Kb used=21102Kb max_used=21113Kb free=224657Kb
 bounds [0x0000000002b40000, 0x0000000004000000, 0x0000000011b40000]
 total_blobs=7360 nmethods=6550 adapters=722
 compilation: enabled

Compilation events (10 events):
Event: 87.153 Thread 0x0000000017568000 7518       2       org.objectweb.asm.ClassVisitor::visitAnnotation (19 bytes)
Event: 87.153 Thread 0x0000000017568000 nmethod 7518 0x0000000003fe72d0 code [0x0000000003fe7440, 0x0000000003fe75c8]
Event: 87.159 Thread 0x0000000017564800 nmethod 7515 0x0000000003fe6690 code [0x0000000003fe6800, 0x0000000003fe6e78]
Event: 87.159 Thread 0x0000000017564800 7512       4       org.objectweb.asm.Type::getArgumentsAndReturnSizes (151 bytes)
Event: 87.178 Thread 0x0000000017564800 nmethod 7512 0x0000000003ff5a90 code [0x0000000003ff5be0, 0x0000000003ff6018]
Event: 87.178 Thread 0x0000000017564800 7491       4       org.objectweb.asm.ClassReader::getAttributes (133 bytes)
Event: 87.194 Thread 0x0000000017564800 nmethod 7491 0x0000000003ff63d0 code [0x0000000003ff6520, 0x0000000003ff69b8]
Event: 87.194 Thread 0x0000000017564800 7477       4       org.objectweb.asm.FieldVisitor::<init> (35 bytes)
Event: 87.196 Thread 0x0000000017564800 nmethod 7477 0x0000000003fe63d0 code [0x0000000003fe6500, 0x0000000003fe65b8]
Event: 87.196 Thread 0x0000000017564800 7516       4       org.objectweb.asm.ClassWriter::visitField (16 bytes)

GC Heap History (10 events):
Event: 62.649 GC heap before
{Heap before GC invocations=15 (full 2):
 PSYoungGen      total 69632K, used 69059K [0x00000000eab00000, 0x00000000efd80000, 0x0000000100000000)
  eden space 59392K, 100% used [0x00000000eab00000,0x00000000ee500000,0x00000000ee500000)
  from space 10240K, 94% used [0x00000000ef000000,0x00000000ef970ee0,0x00000000efa00000)
  to   space 11264K, 0% used [0x00000000ee500000,0x00000000ee500000,0x00000000ef000000)
 ParOldGen       total 108032K, used 15710K [0x00000000c0000000, 0x00000000c6980000, 0x00000000eab00000)
  object space 108032K, 14% used [0x00000000c0000000,0x00000000c0f57810,0x00000000c6980000)
 Metaspace       used 46965K, capacity 47956K, committed 48088K, reserved 1091584K
  class space    used 6336K, capacity 6641K, committed 6656K, reserved 1048576K
Event: 62.677 GC heap after
Heap after GC invocations=15 (full 2):
 PSYoungGen      total 70656K, used 11248K [0x00000000eab00000, 0x00000000f0b80000, 0x0000000100000000)
  eden space 59392K, 0% used [0x00000000eab00000,0x00000000eab00000,0x00000000ee500000)
  from space 11264K, 99% used [0x00000000ee500000,0x00000000eeffc280,0x00000000ef000000)
  to   space 13312K, 0% used [0x00000000efe80000,0x00000000efe80000,0x00000000f0b80000)
 ParOldGen       total 108032K, used 18126K [0x00000000c0000000, 0x00000000c6980000, 0x00000000eab00000)
  object space 108032K, 16% used [0x00000000c0000000,0x00000000c11b3938,0x00000000c6980000)
 Metaspace       used 46965K, capacity 47956K, committed 48088K, reserved 1091584K
  class space    used 6336K, capacity 6641K, committed 6656K, reserved 1048576K
}
Event: 67.266 GC heap before
{Heap before GC invocations=16 (full 2):
 PSYoungGen      total 70656K, used 70640K [0x00000000eab00000, 0x00000000f0b80000, 0x0000000100000000)
  eden space 59392K, 100% used [0x00000000eab00000,0x00000000ee500000,0x00000000ee500000)
  from space 11264K, 99% used [0x00000000ee500000,0x00000000eeffc280,0x00000000ef000000)
  to   space 13312K, 0% used [0x00000000efe80000,0x00000000efe80000,0x00000000f0b80000)
 ParOldGen       total 108032K, used 18126K [0x00000000c0000000, 0x00000000c6980000, 0x00000000eab00000)
  object space 108032K, 16% used [0x00000000c0000000,0x00000000c11b3938,0x00000000c6980000)
 Metaspace       used 54435K, capacity 55886K, committed 56152K, reserved 1097728K
  class space    used 7321K, capacity 7682K, committed 7808K, reserved 1048576K
Event: 67.312 GC heap after
Heap after GC invocations=16 (full 2):
 PSYoungGen      total 82432K, used 13294K [0x00000000eab00000, 0x00000000f1380000, 0x0000000100000000)
  eden space 69120K, 0% used [0x00000000eab00000,0x00000000eab00000,0x00000000eee80000)
  from space 13312K, 99% used [0x00000000efe80000,0x00000000f0b7ba40,0x00000000f0b80000)
  to   space 16384K, 0% used [0x00000000eee80000,0x00000000eee80000,0x00000000efe80000)
 ParOldGen       total 108032K, used 21749K [0x00000000c0000000, 0x00000000c6980000, 0x00000000eab00000)
  object space 108032K, 20% used [0x00000000c0000000,0x00000000c153d4c0,0x00000000c6980000)
 Metaspace       used 54435K, capacity 55886K, committed 56152K, reserved 1097728K
  class space    used 7321K, capacity 7682K, committed 7808K, reserved 1048576K
}
Event: 71.879 GC heap before
{Heap before GC invocations=17 (full 2):
 PSYoungGen      total 82432K, used 78507K [0x00000000eab00000, 0x00000000f1380000, 0x0000000100000000)
  eden space 69120K, 94% used [0x00000000eab00000,0x00000000eeaaf3a0,0x00000000eee80000)
  from space 13312K, 99% used [0x00000000efe80000,0x00000000f0b7ba40,0x00000000f0b80000)
  to   space 16384K, 0% used [0x00000000eee80000,0x00000000eee80000,0x00000000efe80000)
 ParOldGen       total 108032K, used 21749K [0x00000000c0000000, 0x00000000c6980000, 0x00000000eab00000)
  object space 108032K, 20% used [0x00000000c0000000,0x00000000c153d4c0,0x00000000c6980000)
 Metaspace       used 57061K, capacity 58944K, committed 59028K, reserved 1099776K
  class space    used 7674K, capacity 8165K, committed 8192K, reserved 1048576K
Event: 71.950 GC heap after
Heap after GC invocations=17 (full 2):
 PSYoungGen      total 85504K, used 16358K [0x00000000eab00000, 0x00000000f2c00000, 0x0000000100000000)
  eden space 69120K, 0% used [0x00000000eab00000,0x00000000eab00000,0x00000000eee80000)
  from space 16384K, 99% used [0x00000000eee80000,0x00000000efe79a00,0x00000000efe80000)
  to   space 21504K, 0% used [0x00000000f1700000,0x00000000f1700000,0x00000000f2c00000)
 ParOldGen       total 108032K, used 29550K [0x00000000c0000000, 0x00000000c6980000, 0x00000000eab00000)
  object space 108032K, 27% used [0x00000000c0000000,0x00000000c1cdb9e0,0x00000000c6980000)
 Metaspace       used 57061K, capacity 58944K, committed 59028K, reserved 1099776K
  class space    used 7674K, capacity 8165K, committed 8192K, reserved 1048576K
}
Event: 71.950 GC heap before
{Heap before GC invocations=18 (full 3):
 PSYoungGen      total 85504K, used 16358K [0x00000000eab00000, 0x00000000f2c00000, 0x0000000100000000)
  eden space 69120K, 0% used [0x00000000eab00000,0x00000000eab00000,0x00000000eee80000)
  from space 16384K, 99% used [0x00000000eee80000,0x00000000efe79a00,0x00000000efe80000)
  to   space 21504K, 0% used [0x00000000f1700000,0x00000000f1700000,0x00000000f2c00000)
 ParOldGen       total 108032K, used 29550K [0x00000000c0000000, 0x00000000c6980000, 0x00000000eab00000)
  object space 108032K, 27% used [0x00000000c0000000,0x00000000c1cdb9e0,0x00000000c6980000)
 Metaspace       used 57061K, capacity 58944K, committed 59028K, reserved 1099776K
  class space    used 7674K, capacity 8165K, committed 8192K, reserved 1048576K
Event: 72.885 GC heap after
Heap after GC invocations=18 (full 3):
 PSYoungGen      total 85504K, used 0K [0x00000000eab00000, 0x00000000f2c00000, 0x0000000100000000)
  eden space 69120K, 0% used [0x00000000eab00000,0x00000000eab00000,0x00000000eee80000)
  from space 16384K, 0% used [0x00000000eee80000,0x00000000eee80000,0x00000000efe80000)
  to   space 21504K, 0% used [0x00000000f1700000,0x00000000f1700000,0x00000000f2c00000)
 ParOldGen       total 169472K, used 38016K [0x00000000c0000000, 0x00000000ca580000, 0x00000000eab00000)
  object space 169472K, 22% used [0x00000000c0000000,0x00000000c25200c0,0x00000000ca580000)
 Metaspace       used 57061K, capacity 58944K, committed 59028K, reserved 1099776K
  class space    used 7674K, capacity 8165K, committed 8192K, reserved 1048576K
}
Event: 86.552 GC heap before
{Heap before GC invocations=19 (full 3):
 PSYoungGen      total 85504K, used 69120K [0x00000000eab00000, 0x00000000f2c00000, 0x0000000100000000)
  eden space 69120K, 100% used [0x00000000eab00000,0x00000000eee80000,0x00000000eee80000)
  from space 16384K, 0% used [0x00000000eee80000,0x00000000eee80000,0x00000000efe80000)
  to   space 21504K, 0% used [0x00000000f1700000,0x00000000f1700000,0x00000000f2c00000)
 ParOldGen       total 169472K, used 38016K [0x00000000c0000000, 0x00000000ca580000, 0x00000000eab00000)
  object space 169472K, 22% used [0x00000000c0000000,0x00000000c25200c0,0x00000000ca580000)
 Metaspace       used 60127K, capacity 62150K, committed 62424K, reserved 1103872K
  class space    used 8080K, capacity 8616K, committed 8704K, reserved 1048576K
Event: 86.571 GC heap after
Heap after GC invocations=19 (full 3):
 PSYoungGen      total 94208K, used 4334K [0x00000000eab00000, 0x00000000f2400000, 0x0000000100000000)
  eden space 80896K, 0% used [0x00000000eab00000,0x00000000eab00000,0x00000000efa00000)
  from space 13312K, 32% used [0x00000000f1700000,0x00000000f1b3ba10,0x00000000f2400000)
  to   space 21504K, 0% used [0x00000000efa00000,0x00000000efa00000,0x00000000f0f00000)
 ParOldGen       total 169472K, used 38024K [0x00000000c0000000, 0x00000000ca580000, 0x00000000eab00000)
  object space 169472K, 22% used [0x00000000c0000000,0x00000000c25220c0,0x00000000ca580000)
 Metaspace       used 60127K, capacity 62150K, committed 62424K, reserved 1103872K
  class space    used 8080K, capacity 8616K, committed 8704K, reserved 1048576K
}

Deoptimization events (10 events):
Event: 86.386 Thread 0x000000001c70b000 Uncommon trap: reason=unstable_if action=reinterpret pc=0x0000000003fa3de8 method=java.util.TreeSet.add(Ljava/lang/Object;)Z @ 13
Event: 86.433 Thread 0x000000001c70b000 Uncommon trap: reason=unstable_if action=reinterpret pc=0x0000000003f97110 method=org.objectweb.asm.Type.getArgumentsAndReturnSizes(Ljava/lang/String;)I @ 118
Event: 86.468 Thread 0x000000001c70b000 Uncommon trap: reason=unstable_if action=reinterpret pc=0x00000000035e1948 method=org.objectweb.asm.Type.getArgumentsAndReturnSizes(Ljava/lang/String;)I @ 118
Event: 86.677 Thread 0x000000001c70b000 Uncommon trap: reason=unstable_if action=reinterpret pc=0x0000000003fc50ec method=org.objectweb.asm.Type.getArgumentsAndReturnSizes(Ljava/lang/String;)I @ 112
Event: 86.759 Thread 0x000000001c70b000 Uncommon trap: reason=unstable_if action=reinterpret pc=0x0000000003fe4af8 method=org.objectweb.asm.Type.getArgumentsAndReturnSizes(Ljava/lang/String;)I @ 112
Event: 86.783 Thread 0x000000001c70b000 Uncommon trap: reason=unstable_if action=reinterpret pc=0x00000000038b9848 method=org.objectweb.asm.ClassReader.readUTF(II[C)Ljava/lang/String; @ 77
Event: 86.783 Thread 0x000000001c70b000 Uncommon trap: reason=unstable_if action=reinterpret pc=0x00000000034cf1fc method=org.objectweb.asm.ClassReader.readUTF(II[C)Ljava/lang/String; @ 77
Event: 86.784 Thread 0x000000001c70b000 Uncommon trap: reason=unstable_if action=reinterpret pc=0x00000000037b4ffc method=org.objectweb.asm.ByteVector.putUTF8(Ljava/lang/String;)Lorg/objectweb/asm/ByteVector; @ 98
Event: 86.784 Thread 0x000000001c70b000 Uncommon trap: reason=unstable_if action=reinterpret pc=0x00000000037bb9d8 method=org.objectweb.asm.ByteVector.putUTF8(Ljava/lang/String;)Lorg/objectweb/asm/ByteVector; @ 98
Event: 86.785 Thread 0x000000001c70b000 Uncommon trap: reason=unstable_if action=reinterpret pc=0x00000000031f2134 method=org.objectweb.asm.ByteVector.putUTF8(Ljava/lang/String;)Lorg/objectweb/asm/ByteVector; @ 98

Classes redefined (0 events):
No events

Internal exceptions (10 events):
Event: 73.787 Thread 0x000000001c703800 Exception <a 'java/lang/NoSuchMethodError': <clinit>> (0x00000000eb645860) thrown at [D:\src\AOSP-openjdk-cygwin\jdk8u\hotspot\src\share\vm\prims\jni.cpp, line 1613]
Event: 73.787 Thread 0x000000001c703800 Exception <a 'java/lang/NoSuchMethodError': <clinit>> (0x00000000eb647110) thrown at [D:\src\AOSP-openjdk-cygwin\jdk8u\hotspot\src\share\vm\prims\jni.cpp, line 1613]
Event: 73.852 Thread 0x000000001c703800 Exception <a 'java/lang/NoSuchMethodError': <clinit>> (0x00000000eb776710) thrown at [D:\src\AOSP-openjdk-cygwin\jdk8u\hotspot\src\share\vm\prims\jni.cpp, line 1613]
Event: 74.025 Thread 0x000000001c703800 Exception <a 'java/lang/NoSuchMethodError': <clinit>> (0x00000000eb8db350) thrown at [D:\src\AOSP-openjdk-cygwin\jdk8u\hotspot\src\share\vm\prims\jni.cpp, line 1613]
Event: 74.027 Thread 0x000000001c703800 Exception <a 'java/lang/NoSuchMethodError': <clinit>> (0x00000000eb8e4f00) thrown at [D:\src\AOSP-openjdk-cygwin\jdk8u\hotspot\src\share\vm\prims\jni.cpp, line 1613]
Event: 74.030 Thread 0x000000001c703800 Exception <a 'java/lang/NoSuchMethodError': <clinit>> (0x00000000eb8fb1e0) thrown at [D:\src\AOSP-openjdk-cygwin\jdk8u\hotspot\src\share\vm\prims\jni.cpp, line 1613]
Event: 74.032 Thread 0x000000001c703800 Exception <a 'java/lang/NoSuchMethodError': <clinit>> (0x00000000eb906348) thrown at [D:\src\AOSP-openjdk-cygwin\jdk8u\hotspot\src\share\vm\prims\jni.cpp, line 1613]
Event: 78.646 Thread 0x000000001c70b000 Exception <a 'java/lang/NoSuchMethodError': java.lang.Object.lambda$negate$1(Ljava/lang/Object;)Z> (0x00000000ec4b95c0) thrown at [D:\src\AOSP-openjdk-cygwin\jdk8u\hotspot\src\share\vm\interpreter\linkResolver.cpp, line 584]
Event: 83.735 Thread 0x000000001c70b000 Exception <a 'java/lang/NoSuchMethodError': java.lang.Object.lambda$comparingInt$7b0bb60$1(Ljava/util/function/ToIntFunction;Ljava/lang/Object;Ljava/lang/Object;)I> (0x00000000ec527d40) thrown at [D:\src\AOSP-openjdk-cygwin\jdk8u\hotspot\src\share\vm\inte
Event: 85.088 Thread 0x000000001c70b000 Exception <a 'sun/nio/fs/WindowsException'> (0x00000000ecafd250) thrown at [D:\src\AOSP-openjdk-cygwin\jdk8u\hotspot\src\share\vm\prims\jni.cpp, line 709]

Events (10 events):
Event: 86.783 Thread 0x000000001c70b000 DEOPT UNPACKING pc=0x0000000002b8557b sp=0x000000002372d050 mode 2
Event: 86.784 Thread 0x000000001c70b000 Uncommon trap: trap_request=0xffffff65 fr.pc=0x00000000037b4ffc
Event: 86.784 Thread 0x000000001c70b000 DEOPT PACKING pc=0x00000000037b4ffc sp=0x000000002372cfc0
Event: 86.784 Thread 0x000000001c70b000 DEOPT UNPACKING pc=0x0000000002b8557b sp=0x000000002372ce80 mode 2
Event: 86.784 Thread 0x000000001c70b000 Uncommon trap: trap_request=0xffffff65 fr.pc=0x00000000037bb9d8
Event: 86.784 Thread 0x000000001c70b000 DEOPT PACKING pc=0x00000000037bb9d8 sp=0x000000002372cf40
Event: 86.784 Thread 0x000000001c70b000 DEOPT UNPACKING pc=0x0000000002b8557b sp=0x000000002372ce70 mode 2
Event: 86.785 Thread 0x000000001c70b000 Uncommon trap: trap_request=0xffffff65 fr.pc=0x00000000031f2134
Event: 86.785 Thread 0x000000001c70b000 DEOPT PACKING pc=0x00000000031f2134 sp=0x000000002372cee0
Event: 86.785 Thread 0x000000001c70b000 DEOPT UNPACKING pc=0x0000000002b8557b sp=0x000000002372ce78 mode 2


Dynamic libraries:
0x00007ff7032d0000 - 0x00007ff703301000 	C:\Program Files\Android\Android Studio\jre\bin\java.exe
0x00007ff85d000000 - 0x00007ff85d1e1000 	C:\Windows\SYSTEM32\ntdll.dll
0x00007ff85ac80000 - 0x00007ff85ad32000 	C:\Windows\System32\KERNEL32.DLL
0x00007ff859a60000 - 0x00007ff859cd3000 	C:\Windows\System32\KERNELBASE.dll
0x00007ff85ce70000 - 0x00007ff85cf11000 	C:\Windows\System32\ADVAPI32.dll
0x00007ff85cf30000 - 0x00007ff85cfce000 	C:\Windows\System32\msvcrt.dll
0x00007ff85ccb0000 - 0x00007ff85cd0b000 	C:\Windows\System32\sechost.dll
0x00007ff85ad40000 - 0x00007ff85ae64000 	C:\Windows\System32\RPCRT4.dll
0x00007ff85a610000 - 0x00007ff85a7a0000 	C:\Windows\System32\USER32.dll
0x00007ff859480000 - 0x00007ff8594a0000 	C:\Windows\System32\win32u.dll
0x00007ff85ac50000 - 0x00007ff85ac78000 	C:\Windows\System32\GDI32.dll
0x00007ff8597e0000 - 0x00007ff859972000 	C:\Windows\System32\gdi32full.dll
0x00007ff85a3f0000 - 0x00007ff85a48f000 	C:\Windows\System32\msvcp_win.dll
0x00007ff8594f0000 - 0x00007ff8595ea000 	C:\Windows\System32\ucrtbase.dll
0x00007ff842cc0000 - 0x00007ff842f29000 	C:\Windows\WinSxS\amd64_microsoft.windows.common-controls_6595b64144ccf1df_6.0.17134.472_none_fb3f9af53068156d\COMCTL32.dll
0x00007ff85a7a0000 - 0x00007ff85aac2000 	C:\Windows\System32\combase.dll
0x00007ff8599e0000 - 0x00007ff859a5a000 	C:\Windows\System32\bcryptPrimitives.dll
0x00007ff85a5e0000 - 0x00007ff85a60d000 	C:\Windows\System32\IMM32.DLL
0x00000000580f0000 - 0x00000000581c2000 	C:\Program Files\Android\Android Studio\jre\jre\bin\msvcr100.dll
0x0000000055680000 - 0x0000000055ec1000 	C:\Program Files\Android\Android Studio\jre\jre\bin\server\jvm.dll
0x00007ff85cf20000 - 0x00007ff85cf28000 	C:\Windows\System32\PSAPI.DLL
0x00007ff84f140000 - 0x00007ff84f14a000 	C:\Windows\SYSTEM32\VERSION.dll
0x00007ff844700000 - 0x00007ff844709000 	C:\Windows\SYSTEM32\WSOCK32.dll
0x00007ff8568b0000 - 0x00007ff8568d3000 	C:\Windows\SYSTEM32\WINMM.dll
0x00007ff85cae0000 - 0x00007ff85cb4c000 	C:\Windows\System32\WS2_32.dll
0x00007ff856880000 - 0x00007ff8568aa000 	C:\Windows\SYSTEM32\WINMMBASE.dll
0x00007ff8594a0000 - 0x00007ff8594e9000 	C:\Windows\System32\cfgmgr32.dll
0x00007ff856a80000 - 0x00007ff856a8f000 	C:\Program Files\Android\Android Studio\jre\jre\bin\verify.dll
0x00007ff84ff40000 - 0x00007ff84ff69000 	C:\Program Files\Android\Android Studio\jre\jre\bin\java.dll
0x00007ff855510000 - 0x00007ff855526000 	C:\Program Files\Android\Android Studio\jre\jre\bin\zip.dll
0x00007ff85b180000 - 0x00007ff85c5c0000 	C:\Windows\System32\SHELL32.dll
0x00007ff85ca30000 - 0x00007ff85cad9000 	C:\Windows\System32\shcore.dll
0x00007ff859ce0000 - 0x00007ff85a3ed000 	C:\Windows\System32\windows.storage.dll
0x00007ff85ce10000 - 0x00007ff85ce61000 	C:\Windows\System32\shlwapi.dll
0x00007ff859370000 - 0x00007ff859381000 	C:\Windows\System32\kernel.appcore.dll
0x00007ff8593b0000 - 0x00007ff8593cf000 	C:\Windows\System32\profapi.dll
0x00007ff859320000 - 0x00007ff85936c000 	C:\Windows\System32\powrprof.dll
0x00007ff859310000 - 0x00007ff85931a000 	C:\Windows\System32\FLTLIB.DLL
0x00007ff854790000 - 0x00007ff8547aa000 	C:\Program Files\Android\Android Studio\jre\jre\bin\net.dll
0x00007ff858b90000 - 0x00007ff858bf6000 	C:\Windows\system32\mswsock.dll
0x00007ff84b8d0000 - 0x00007ff84b8e1000 	C:\Program Files\Android\Android Studio\jre\jre\bin\nio.dll
0x00007ff849b40000 - 0x00007ff849b5e000 	C:\Users\harme\.gradle\native\25\windows-amd64\native-platform.dll
0x00007ff854780000 - 0x00007ff85478d000 	C:\Program Files\Android\Android Studio\jre\jre\bin\management.dll
0x00007ff858d40000 - 0x00007ff858d57000 	C:\Windows\SYSTEM32\CRYPTSP.dll
0x00007ff858770000 - 0x00007ff8587a3000 	C:\Windows\system32\rsaenh.dll
0x00007ff858e70000 - 0x00007ff858e95000 	C:\Windows\SYSTEM32\bcrypt.dll
0x00007ff859210000 - 0x00007ff859238000 	C:\Windows\SYSTEM32\USERENV.dll
0x00007ff858d60000 - 0x00007ff858d6b000 	C:\Windows\SYSTEM32\CRYPTBASE.dll
0x00007ff858910000 - 0x00007ff858948000 	C:\Windows\SYSTEM32\IPHLPAPI.DLL
0x00007ff85a4f0000 - 0x00007ff85a4f8000 	C:\Windows\System32\NSI.dll
0x00007ff84e5b0000 - 0x00007ff84e5c6000 	C:\Windows\SYSTEM32\dhcpcsvc6.DLL
0x00007ff84eb00000 - 0x00007ff84eb1a000 	C:\Windows\SYSTEM32\dhcpcsvc.DLL

VM Arguments:
jvm_args: -XX:+HeapDumpOnOutOfMemoryError -Xmx1024m -Dfile.encoding=windows-1252 -Duser.country=DE -Duser.language=de -Duser.variant 
java_command: org.gradle.launcher.daemon.bootstrap.GradleDaemon 4.6
java_class_path (initial): C:\Users\harme\.gradle\wrapper\dists\gradle-4.6-all\bcst21l2brirad8k2ben1letg\gradle-4.6\lib\gradle-launcher-4.6.jar
Launcher Type: SUN_STANDARD

Environment Variables:
PATH=C:\Program Files (x86)\Common Files\Oracle\Java\javapath;C:\Windows\system32;C:\Windows;C:\Windows\System32\Wbem;C:\Windows\System32\WindowsPowerShell\v1.0\;C:\Windows\System32\OpenSSH\;C:\Program Files\Git\cmd;C:\Users\harme\AppData\Local\Microsoft\WindowsApps;
USERNAME=harme
OS=Windows_NT
PROCESSOR_IDENTIFIER=Intel64 Family 6 Model 142 Stepping 10, GenuineIntel



---------------  S Y S T E M  ---------------

OS: Windows 10.0 , 64 bit Build 17134 (10.0.17134.1)

CPU:total 8 (initial active 8) (4 cores per cpu, 2 threads per core) family 6 model 142 stepping 10, cmov, cx8, fxsr, mmx, sse, sse2, sse3, ssse3, sse4.1, sse4.2, popcnt, avx, avx2, aes, clmul, erms, 3dnowpref, lzcnt, ht, tsc, tscinvbit, bmi1, bmi2, adx

Memory: 4k page, physical 8239200k(1313736k free), swap 8239200k(10516k free)

vm_info: OpenJDK 64-Bit Server VM (25.152-b06) for windows-amd64 JRE (1.8.0_152-release-1136-b06), built by "builder" with MS VC++ 10.0 (VS2010)

time: Sat Jan 05 08:12:08 2019
elapsed time: 87 seconds (0d 0h 1m 27s)

