#
# There is insufficient memory for the Java Runtime Environment to continue.
# Native memory allocation (malloc) failed to allocate 1048576 bytes for AllocateHeap
# Possible reasons:
#   The system is out of physical RAM or swap space
#   In 32 bit mode, the process size limit was hit
# Possible solutions:
#   Reduce memory load on the system
#   Increase physical memory or swap space
#   Check if swap backing store is full
#   Use 64 bit Java on a 64 bit OS
#   Decrease Java heap size (-Xmx/-Xms)
#   Decrease number of Java threads
#   Decrease Java thread stack sizes (-Xss)
#   Set larger code cache with -XX:ReservedCodeCacheSize=
# This output file may be truncated or incomplete.
#
#  Out of Memory Error (memory/allocation.inline.hpp:61), pid=1756, tid=0x0000000000000778
#
# JRE version:  (8.0_152-b06) (build )
# Java VM: OpenJDK 64-Bit Server VM (25.152-b06 mixed mode windows-amd64 compressed oops)
# Failed to write core dump. Minidumps are not enabled by default on client versions of Windows
#

---------------  T H R E A D  ---------------

Current thread (0x0000000002aa3800):  JavaThread "Unknown thread" [_thread_in_vm, id=1912, stack(0x00000000029a0000,0x0000000002aa0000)]

Stack: [0x00000000029a0000,0x0000000002aa0000]
[error occurred during error reporting (printing stack bounds), id 0xc0000005]

Native frames: (J=compiled Java code, j=interpreted, Vv=VM code, C=native code)


---------------  P R O C E S S  ---------------

Java Threads: ( => current thread )

Other Threads:

=>0x0000000002aa3800 (exited) JavaThread "Unknown thread" [_thread_in_vm, id=1912, stack(0x00000000029a0000,0x0000000002aa0000)]

VM state:not at safepoint (normal execution)

VM Mutex/Monitor currently owned by a thread: None

Heap:
 PSYoungGen      total 18944K, used 327K [0x00000000feb00000, 0x0000000100000000, 0x0000000100000000)
  eden space 16384K, 2% used [0x00000000feb00000,0x00000000feb51ec8,0x00000000ffb00000)
  from space 2560K, 0% used [0x00000000ffd80000,0x00000000ffd80000,0x0000000100000000)
  to   space 2560K, 0% used [0x00000000ffb00000,0x00000000ffb00000,0x00000000ffd80000)
 ParOldGen       total 44032K, used 0K [0x00000000fc000000, 0x00000000feb00000, 0x00000000feb00000)
  object space 44032K, 0% used [0x00000000fc000000,0x00000000fc000000,0x00000000feb00000)
 Metaspace       used 772K, capacity 4480K, committed 4480K, reserved 1056768K
  class space    used 73K, capacity 384K, committed 384K, reserved 1048576K

Card table byte_map: [0x00000000028d0000,0x0000000002900000] byte_map_base: 0x00000000020f0000

Marking Bits: (ParMarkBitMap*) 0x00000000769e5aa0
 Begin Bits: [0x0000000012760000, 0x0000000012860000)
 End Bits:   [0x0000000012860000, 0x0000000012960000)

Polling page: 0x0000000000c10000

CodeCache: size=245760Kb used=328Kb max_used=328Kb free=245431Kb
 bounds [0x0000000002ba0000, 0x0000000002e10000, 0x0000000011ba0000]
 total_blobs=57 nmethods=0 adapters=38
 compilation: enabled

Compilation events (0 events):
No events

GC Heap History (0 events):
No events

Deoptimization events (0 events):
No events

Classes redefined (0 events):
No events

Internal exceptions (0 events):
No events

Events (10 events):
Event: 0.256 loading class java/lang/Short
Event: 0.256 loading class java/lang/Short done
Event: 0.256 loading class java/lang/Integer
Event: 0.257 loading class java/lang/Integer done
Event: 0.257 loading class java/lang/Long
Event: 0.257 loading class java/lang/Long done
Event: 0.260 loading class java/lang/NullPointerException
Event: 0.260 loading class java/lang/NullPointerException done
Event: 0.260 loading class java/lang/ArithmeticException
Event: 0.261 loading class java/lang/ArithmeticException done


Dynamic libraries:
0x00007ff7886d0000 - 0x00007ff788701000 	C:\Program Files\Android\Android Studio\jre\bin\java.exe
0x00007ffd9d260000 - 0x00007ffd9d441000 	C:\Windows\SYSTEM32\ntdll.dll
0x00007ffd9c7f0000 - 0x00007ffd9c8a2000 	C:\Windows\System32\KERNEL32.DLL
0x00007ffd99650000 - 0x00007ffd998c3000 	C:\Windows\System32\KERNELBASE.dll
0x00007ffd9cbc0000 - 0x00007ffd9cc61000 	C:\Windows\System32\ADVAPI32.dll
0x00007ffd9cdf0000 - 0x00007ffd9ce8e000 	C:\Windows\System32\msvcrt.dll
0x00007ffd9cb60000 - 0x00007ffd9cbbb000 	C:\Windows\System32\sechost.dll
0x00007ffd9ca30000 - 0x00007ffd9cb54000 	C:\Windows\System32\RPCRT4.dll
0x00007ffd9a7d0000 - 0x00007ffd9a960000 	C:\Windows\System32\USER32.dll
0x00007ffd99630000 - 0x00007ffd99650000 	C:\Windows\System32\win32u.dll
0x00007ffd9d000000 - 0x00007ffd9d028000 	C:\Windows\System32\GDI32.dll
0x00007ffd998d0000 - 0x00007ffd99a62000 	C:\Windows\System32\gdi32full.dll
0x00007ffd9a380000 - 0x00007ffd9a41f000 	C:\Windows\System32\msvcp_win.dll
0x00007ffd99b70000 - 0x00007ffd99c6a000 	C:\Windows\System32\ucrtbase.dll
0x00007ffd88a50000 - 0x00007ffd88cb9000 	C:\Windows\WinSxS\amd64_microsoft.windows.common-controls_6595b64144ccf1df_6.0.17134.472_none_fb3f9af53068156d\COMCTL32.dll
0x00007ffd9c4c0000 - 0x00007ffd9c7e2000 	C:\Windows\System32\combase.dll
0x00007ffd9a480000 - 0x00007ffd9a4fa000 	C:\Windows\System32\bcryptPrimitives.dll
0x00007ffd9adb0000 - 0x00007ffd9addd000 	C:\Windows\System32\IMM32.DLL
0x0000000076140000 - 0x0000000076212000 	C:\Program Files\Android\Android Studio\jre\jre\bin\msvcr100.dll
0x0000000076220000 - 0x0000000076a61000 	C:\Program Files\Android\Android Studio\jre\jre\bin\server\jvm.dll
0x00007ffd9a7c0000 - 0x00007ffd9a7c8000 	C:\Windows\System32\PSAPI.DLL
0x00007ffd87760000 - 0x00007ffd87769000 	C:\Windows\SYSTEM32\WSOCK32.dll
0x00007ffd9ccd0000 - 0x00007ffd9cd3c000 	C:\Windows\System32\WS2_32.dll
0x00007ffd96b00000 - 0x00007ffd96b23000 	C:\Windows\SYSTEM32\WINMM.dll
0x00007ffd8fe60000 - 0x00007ffd8fe6a000 	C:\Windows\SYSTEM32\VERSION.dll
0x00007ffd96390000 - 0x00007ffd963ba000 	C:\Windows\SYSTEM32\WINMMBASE.dll
0x00007ffd99a70000 - 0x00007ffd99ab9000 	C:\Windows\System32\cfgmgr32.dll
0x00007ffd958e0000 - 0x00007ffd958ef000 	C:\Program Files\Android\Android Studio\jre\jre\bin\verify.dll
0x00007ffd95870000 - 0x00007ffd95899000 	C:\Program Files\Android\Android Studio\jre\jre\bin\java.dll
0x00007ffd93b80000 - 0x00007ffd93b96000 	C:\Program Files\Android\Android Studio\jre\jre\bin\zip.dll

VM Arguments:
jvm_args: -Djava.awt.headless=true -Xmx64M -Dfile.encoding=windows-1252 -Duser.country=DE -Duser.language=de -Duser.variant 
java_command: com.google.devtools.build.android.desugar.Desugar --input C:\Users\harme\Desktop\MedSense-MetaWear\starter\build\intermediates\transforms\stackFramesFixer\debug\18.jar --output C:\Users\harme\Desktop\MedSense-MetaWear\starter\build\intermediates\transforms\desugar\debug\19.jar --input C:\Users\harme\Desktop\MedSense-MetaWear\starter\build\intermediates\transforms\stackFramesFixer\debug\1.jar --output C:\Users\harme\Desktop\MedSense-MetaWear\starter\build\intermediates\transforms\desugar\debug\2.jar --input C:\Users\harme\Desktop\MedSense-MetaWear\starter\build\intermediates\transforms\stackFramesFixer\debug\3.jar --output C:\Users\harme\Desktop\MedSense-MetaWear\starter\build\intermediates\transforms\desugar\debug\4.jar --classpath_entry C:\Users\harme\Desktop\MedSense-MetaWear\starter\build\intermediates\classes\debug --classpath_entry C:\Users\harme\Desktop\MedSense-MetaWear\starter\build\intermediates\transforms\stackFramesFixer\debug\0.jar --classpath_entry C:\Users\harme\Desktop\MedSense-MetaWear\starter\build\intermediates\transforms\stackFramesFixer\debug\1.jar --classpath_entry C:\Users\harme\Desktop\MedSense-MetaWear\starter\build\intermediates\transforms\stackFramesFixer\debug\2.jar --classpath_entry C:\Users\harme\Desktop\MedSense-MetaWear\starter\build\intermediates\transforms\stackFramesFixer\debug\3.jar --classpath_entry C:\Users\harme\Desktop\MedSense-MetaWear\starter\build\intermediates\transforms\stackFramesFixer\debug\4.jar --classpath_entry C:\Users\harme\Desktop\MedSense-MetaWear\starter\build\intermediates\transforms\stackFramesFixer\debug\5.jar --classpath_entry C:\Users\harme\Desktop\MedSense-MetaWear\starter\build\intermediates\transforms\stackFramesFixer\debug\6.jar --classpath_entry C:\Users\harme\Desktop\MedSense-MetaWear\starter\build\intermediates\transforms\stackFramesFixer\debug\7.jar --classpath_entry C:\Users\harme\Desktop\MedSense-MetaWear\starter\build\intermediates\transforms\stackFramesFixer\debug\8.jar --classpat
java_class_path (initial): C:\Users\harme\AppData\Local\Temp\desugar_deploy.jar2367777860246512635
Launcher Type: SUN_STANDARD

Environment Variables:
PATH=C:\Program Files (x86)\Common Files\Oracle\Java\javapath;C:\Windows\system32;C:\Windows;C:\Windows\System32\Wbem;C:\Windows\System32\WindowsPowerShell\v1.0\;C:\Windows\System32\OpenSSH\;C:\Program Files\Git\cmd;C:\Users\harme\AppData\Local\Microsoft\WindowsApps;
USERNAME=harme
OS=Windows_NT
PROCESSOR_IDENTIFIER=Intel64 Family 6 Model 142 Stepping 10, GenuineIntel



---------------  S Y S T E M  ---------------

OS: Windows 10.0 , 64 bit Build 17134 (10.0.17134.1)

CPU:total 8 (initial active 8) (4 cores per cpu, 2 threads per core) family 6 model 142 stepping 10, cmov, cx8, fxsr, mmx, sse, sse2, sse3, ssse3, sse4.1, sse4.2, popcnt, avx, avx2, aes, clmul, erms, 3dnowpref, lzcnt, ht, tsc, tscinvbit, bmi1, bmi2, adx

Memory: 4k page, physical 8239200k(1624656k free), swap 8239200k(5312k free)

vm_info: OpenJDK 64-Bit Server VM (25.152-b06) for windows-amd64 JRE (1.8.0_152-release-1136-b06), built by "builder" with MS VC++ 10.0 (VS2010)

time: Sat Jan 05 09:57:00 2019
elapsed time: 0 seconds (0d 0h 0m 0s)

